b'\nM806\n'

M806

m 806.0
ok

b'G0 X-133.0950 Y-1.4650  E0.0000 F20000 ; Send standard Gcode move'
G0 X-133.0950 Y-1.4650  E0.0000 F20000 
x:  -133.095
 target x: -12819, y: -293, z: 100000, c: 0, x2: -4600, vmax: 200000
distance:  19017.519869846332
speed: x: 82587, y: 130332, z: 0, c: 21, x2: 12500
316 : 50 41 00 00 ed cd ff ff. 
316 : 53 50 00 00 9b 42 01 00. 
31c : 50 41 00 00 db fe ff ff. 
31c : 53 50 00 00 1c fd 01 00. 
318 : 50 41 00 00 00 00 00 00. 
318 : 53 50 00 00 15 00 00 00. 
b'\nM806\n\n'
b'ok\r\n'
34e : 50 41 00 00 08 ee ff ff. 
34e : 53 50 00 00 d4 30 00 00. 
316 : 42 47 00 00. 
31c : 42 47 00 00. 
ok

318 : 42 47 00 00. 
34e : 42 47 00 00. 
wroteback ok to tcpQueue
b'\nM400 ; Wait for moves to complete before returning\n'

M400 
Wait!!!
316 : 4d 53 00 00. 
Motion Status:  2
31c : 4d 53 00 00. 
Motion Status:  2
339 : 4d 53 00 00. 
Motion Status:  0
318 : 4d 53 00 00. 
b'ok\r\n'
Motion Status:  0
34e : 4d 53 00 00. 
Motion Status:  2
ok

ok

b'ok\r\n'
moving:  3
316 : 4d 53 00 00. 
Motion Status:  2
31c : 4d 53 00 00. 
Motion Status:  2
ok

339 : 4d 53 00 00. 
Motion Status:  0
318 : 4d 53 00 00. 
Motion Status:  0
34e : 4d 53 00 00. 
Motion Status:  2
moving:  3
316 : 4d 53 00 00. 
Motion Status:  2
31c : 4d 53 00 00. 
Motion Status:  2
339 : 4d 53 00 00. 
Motion Status:  0
318 : 4d 53 00 00. 
Motion Status:  0
34e : 4d 53 00 00. 
Motion Status:  2
moving:  3
316 : 4d 53 00 00. 
Motion Status:  0
31c : 4d 53 00 00. 
Motion Status:  2
339 : 4d 53 00 00. 
Motion Status:  0
318 : 4d 53 00 00. 
Motion Status:  0
34e : 4d 53 00 00. 
Motion Status:  2
moving:  2
316 : 4d 53 00 00. 
Motion Status:  0
31c : 4d 53 00 00. 
Motion Status:  0
339 : 4d 53 00 00. 
Motion Status:  0
318 : 4d 53 00 00. 
Motion Status:  0
34e : 4d 53 00 00. 
Motion Status:  2
moving:  1
316 : 4d 53 00 00. 
Motion Status:  0
31c : 4d 53 00 00. 
Motion Status:  0
339 : 4d 53 00 00. 
Motion Status:  0
318 : 4d 53 00 00. 
Motion Status:  0
34e : 4d 53 00 00. 
Motion Status:  2
moving:  1
316 : 4d 53 00 00. 
Motion Status:  0
31c : 4d 53 00 00. 
Motion Status:  0
339 : 4d 53 00 00. 
Motion Status:  0
318 : 4d 53 00 00. 
Motion Status:  0
34e : 4d 53 00 00. 
Motion Status:  2
moving:  1
316 : 4d 53 00 00. 
Motion Status:  0
31c : 4d 53 00 00. 
Motion Status:  0
339 : 4d 53 00 00. 
Motion Status:  0
318 : 4d 53 00 00. 
Motion Status:  0
34e : 4d 53 00 00. 
Motion Status:  2
moving:  1
316 : 4d 53 00 00. 
Motion Status:  0
31c : 4d 53 00 00. 
Motion Status:  0
339 : 4d 53 00 00. 
Motion Status:  0
318 : 4d 53 00 00. 
Motion Status:  0
34e : 4d 53 00 00. 
Motion Status:  0
moving:  0
wroteback ok to tcpQueue
b'G0   Z-42.9980  F20000 ; Send standard Gcode move\nM400 ; Wait for moves to complete before returning\nM800\n'
G0   Z-42.9980  F20000 
 target x: -12819, y: -293, z: 14004, c: 0, x2: -4600, vmax: 200000
distance:  85996.0
speed: x: 0, y: 0, z: 200000, c: 0, x2: 0
339 : 50 41 00 00 b4 36 00 00. 
339 : 53 50 00 00 40 0d 03 00. 
339 : 42 47 00 00. 
wroteback ok to tcpQueue
ok

ok

b'G0   Z0.0000  F20000 ; Send standard Gcode move'
G0   Z0.0000  F20000 
 target x: -12819, y: -293, z: 100000, c: 0, x2: -4600, vmax: 200000
distance:  85996.0
speed: x: 0, y: 0, z: 200000, c: 0, x2: 0
339 : 50 41 00 00 a0 86 01 00. 
339 : 53 50 00 00 40 0d 03 00. 
339 : 42 47 00 00. 
wroteback ok to tcpQueue
b'\n'
ok

b'M400 ; Wait for moves to complete before returning'
M400 
Wait!!!
316 : 4d 53 00 00. 
Motion Status:  0
31c : 4d 53 00 00. 
Motion Status:  0
339 : 4d 53 00 00. 
Motion Status:  2
318 : 4d 53 00 00. 
Motion Status:  0
34e : 4d 53 00 00. 
Motion Status:  0
moving:  1
316 : 4d 53 00 00. 
Motion Status:  0
31c : 4d 53 00 00. 
Motion Status:  0
339 : 4d 53 00 00. 
Motion Status:  2
318 : 4d 53 00 00. 
Motion Status:  0
34e : 4d 53 00 00. 
Motion Status:  0
moving:  1
316 : 4d 53 00 00. 
Motion Status:  0
31c : 4d 53 00 00. 
Motion Status:  0
339 : 4d 53 00 00. 
Motion Status:  2
318 : 4d 53 00 00. 
Motion Status:  0
34e : 4d 53 00 00. 
Motion Status:  0
moving:  1
316 : 4d 53 00 00. 
Motion Status:  0
31c : 4d 53 00 00. 
Motion Status:  0
339 : 4d 53 00 00. 
Motion Status:  2
318 : 4d 53 00 00. 
Motion Status:  0
34e : 4d 53 00 00. 
Motion Status:  0
moving:  1
316 : 4d 53 00 00. 
Motion Status:  0
31c : 4d 53 00 00. 
Motion Status:  0
339 : 4d 53 00 00. 
Motion Status:  2
318 : 4d 53 00 00. 
Motion Status:  0
34e : 4d 53 00 00. 
Motion Status:  0
moving:  1
316 : 4d 53 00 00. 
Motion Status:  0
31c : 4d 53 00 00. 
Motion Status:  0
339 : 4d 53 00 00. 
Motion Status:  2
318 : 4d 53 00 00. 
Motion Status:  0
34e : 4d 53 00 00. 
Motion Status:  0
moving:  1
316 : 4d 53 00 00. 
Motion Status:  0
31c : 4d 53 00 00. 
Motion Status:  0
339 : 4d 53 00 00. 
Motion Status:  2
318 : 4d 53 00 00. 
Motion Status:  0
34e : 4d 53 00 00. 
Motion Status:  0
moving:  1
316 : 4d 53 00 00. 
Motion Status:  0
31c : 4d 53 00 00. 
Motion Status:  0
339 : 4d 53 00 00. 
Motion Status:  2
318 : 4d 53 00 00. 
Motion Status:  0
34e : 4d 53 00 00. 
Motion Status:  0
moving:  1
316 : 4d 53 00 00. 
Motion Status:  0
31c : 4d 53 00 00. 
Motion Status:  0
339 : 4d 53 00 00. 
Motion Status:  0
318 : 4d 53 00 00. 
Motion Status:  0
34e : 4d 53 00 00. 
Motion Status:  0
moving:  0
wroteback ok to tcpQueue
b'\n'
ok

b'M806'
M806
m 806.0
b'\n'
b'M806\n'
b'ok\r\n'
ok

b'G0 X82.6640 Y60.4935  E0.2516 F20000 ; Send standard Gcode move'
G0 X82.6640 Y60.4935  E0.2516 F20000 
x:  82.664
 target x: -5967, y: 12098, z: 100000, c: 2, x2: 7500, vmax: 200000
distance:  18625.165475774975
speed: x: 73577, y: 133056, z: 0, c: 21, x2: 12500
316 : 50 41 00 00 b1 e8 ff ff. 
316 : 53 50 00 00 69 1f 01 00. 
31c : 50 41 00 00 42 2f 00 00. 
31c : 53 50 00 00 c0 07 02 00. 
318 : 50 41 00 00 02 00 00 00. 
318 : 53 50 00 00 15 00 00 00. 
34e : 50 41 00 00 4c 1d 00 00. 
34e : 53 50 00 00 d4 30 00 00. 
316 : 42 47 00 00. 
31c : 42 47 00 00. 
318 : 42 47 00 00. 
34e : 42 47 00 00. 
wroteback ok to tcpQueue
b'\n'
ok

b'M400 ; Wait for moves to complete before returning'
M400 
Wait!!!
316 : 4d 53 00 00. 
Motion Status:  2
31c : 4d 53 00 00. 
Motion Status:  2
339 : 4d 53 00 00. 
Motion Status:  0
318 : 4d 53 00 00. 
Motion Status:  0
34e : 4d 53 00 00. 
Motion Status:  2
moving:  3
316 : 4d 53 00 00. 
Motion Status:  2
31c : 4d 53 00 00. 
Motion Status:  2
339 : 4d 53 00 00. 
Motion Status:  0
318 : 4d 53 00 00. 
Motion Status:  0
34e : 4d 53 00 00. 
Motion Status:  2
moving:  3
316 : 4d 53 00 00. 
Motion Status:  0
31c : 4d 53 00 00. 
Motion Status:  2
339 : 4d 53 00 00. 
Motion Status:  0
318 : 4d 53 00 00. 
Motion Status:  0
34e : 4d 53 00 00. 
Motion Status:  2
moving:  2
316 : 4d 53 00 00. 
Motion Status:  0
31c : 4d 53 00 00. 
Motion Status:  0
339 : 4d 53 00 00. 
Motion Status:  0
318 : 4d 53 00 00. 
Motion Status:  0
34e : 4d 53 00 00. 
Motion Status:  2
moving:  1
316 : 4d 53 00 00. 
Motion Status:  0
31c : 4d 53 00 00. 
Motion Status:  0
339 : 4d 53 00 00. 
Motion Status:  0
318 : 4d 53 00 00. 
Motion Status:  0
34e : 4d 53 00 00. 
Motion Status:  2
moving:  1
316 : 4d 53 00 00. 
Motion Status:  0
31c : 4d 53 00 00. 
Motion Status:  0
339 : 4d 53 00 00. 
Motion Status:  0
318 : 4d 53 00 00. 
Motion Status:  0
34e : 4d 53 00 00. 
Motion Status:  2
moving:  1
316 : 4d 53 00 00. 
Motion Status:  0
31c : 4d 53 00 00. 
Motion Status:  0
339 : 4d 53 00 00. 
Motion Status:  0
318 : 4d 53 00 00. 
Motion Status:  0
34e : 4d 53 00 00. 
Motion Status:  2
moving:  1
316 : 4d 53 00 00. 
Motion Status:  0
31c : 4d 53 00 00. 
Motion Status:  0
339 : 4d 53 00 00. 
Motion Status:  0
318 : 4d 53 00 00. 
Motion Status:  0
34e : 4d 53 00 00. 
Motion Status:  2
moving:  1
316 : 4d 53 00 00. 
Motion Status:  0
31c : 4d 53 00 00. 
Motion Status:  0
339 : 4d 53 00 00. 
Motion Status:  0
318 : 4d 53 00 00. 
Motion Status:  0
34e : 4d 53 00 00. 
Motion Status:  0
moving:  0
wroteback ok to tcpQueue
b'\n'
ok

b'G0   Z-39.6000  F20000 ; Send standard Gcode move\n'
G0   Z-39.6000  F20000 
 target x: -5967, y: 12098, z: 20800, c: 2, x2: 7500, vmax: 200000
distance:  79200.0
speed: x: 0, y: 0, z: 200000, c: 0, x2: 0
339 : 50 41 00 00 40 51 00 00. 
339 : 53 50 00 00 40 0d 03 00. 
339 : 42 47 00 00. 
wroteback ok to tcpQueue
ok

b'M400 ; Wait for moves to complete before returning\n'
M400 
Wait!!!
316 : 4d 53 00 00. 
Motion Status:  0
31c : 4d 53 00 00. 
Motion Status:  0
339 : 4d 53 00 00. 
Motion Status:  2
318 : 4d 53 00 00. 
Motion Status:  0
34e : 4d 53 00 00. 
Motion Status:  0
moving:  1
316 : 4d 53 00 00. 
Motion Status:  0
31c : 4d 53 00 00. 
Motion Status:  0
339 : 4d 53 00 00. 
Motion Status:  2
318 : 4d 53 00 00. 
Motion Status:  0
34e : 4d 53 00 00. 
Motion Status:  0
moving:  1
316 : 4d 53 00 00. 
Motion Status:  0
31c : 4d 53 00 00. 
Motion Status:  0
339 : 4d 53 00 00. 
Motion Status:  2
318 : 4d 53 00 00. 
Motion Status:  0
34e : 4d 53 00 00. 
Motion Status:  0
moving:  1
316 : 4d 53 00 00. 
Motion Status:  0
31c : 4d 53 00 00. 
Motion Status:  0
339 : 4d 53 00 00. 
Motion Status:  2
318 : 4d 53 00 00. 
Motion Status:  0
34e : 4d 53 00 00. 
Motion Status:  0
moving:  1
316 : 4d 53 00 00. 
Motion Status:  0
31c : 4d 53 00 00. 
Motion Status:  0
339 : 4d 53 00 00. 
Motion Status:  2
318 : 4d 53 00 00. 
Motion Status:  0
34e : 4d 53 00 00. 
Motion Status:  0
moving:  1
316 : 4d 53 00 00. 
Motion Status:  0
31c : 4d 53 00 00. 
Motion Status:  0
339 : 4d 53 00 00. 
Motion Status:  2
318 : 4d 53 00 00. 
Motion Status:  0
34e : 4d 53 00 00. 
Motion Status:  0
moving:  1
316 : 4d 53 00 00. 
Motion Status:  0
31c : 4d 53 00 00. 
Motion Status:  0
339 : 4d 53 00 00. 
Motion Status:  2
318 : 4d 53 00 00. 
Motion Status:  0
34e : 4d 53 00 00. 
Motion Status:  0
moving:  1
316 : 4d 53 00 00. 
Motion Status:  0
31c : 4d 53 00 00. 
Motion Status:  0
339 : 4d 53 00 00. 
Motion Status:  2
318 : 4d 53 00 00. 
Motion Status:  0
34e : 4d 53 00 00. 
Motion Status:  0
moving:  1
316 : 4d 53 00 00. 
Motion Status:  0
31c : 4d 53 00 00. 
Motion Status:  0
339 : 4d 53 00 00. 
Motion Status:  0
318 : 4d 53 00 00. 
Motion Status:  0
34e : 4d 53 00 00. 
Motion Status:  0
moving:  0
wroteback ok to tcpQueue
ok

b'M801'
M801
m 801.0
b'\n'
b'M801\n'
b'ok\r\n'
ok

b'G0   Z0.0000  F20000 ; Send standard Gcode move'
G0   Z0.0000  F20000 
 target x: -5967, y: 12098, z: 100000, c: 2, x2: 7500, vmax: 200000
distance:  79200.0
speed: x: 0, y: 0, z: 200000, c: 0, x2: 0
339 : 50 41 00 00 a0 86 01 00. 
339 : 53 50 00 00 40 0d 03 00. 
339 : 42 47 00 00. 
wroteback ok to tcpQueue
b'\n'
ok

b'M400 ; Wait for moves to complete before returning'
M400 
Wait!!!
316 : 4d 53 00 00. 
Motion Status:  0
31c : 4d 53 00 00. 
Motion Status:  0
339 : 4d 53 00 00. 
Motion Status:  2
318 : 4d 53 00 00. 
Motion Status:  0
34e : 4d 53 00 00. 
Motion Status:  0
moving:  1
316 : 4d 53 00 00. 
Motion Status:  0
31c : 4d 53 00 00. 
Motion Status:  0
339 : 4d 53 00 00. 
Motion Status:  2
318 : 4d 53 00 00. 
Motion Status:  0
34e : 4d 53 00 00. 
Motion Status:  0
moving:  1
316 : 4d 53 00 00. 
Motion Status:  0
31c : 4d 53 00 00. 
Motion Status:  0
339 : 4d 53 00 00. 
Motion Status:  2
318 : 4d 53 00 00. 
Motion Status:  0
34e : 4d 53 00 00. 
Motion Status:  0
moving:  1
316 : 4d 53 00 00. 
Motion Status:  0
31c : 4d 53 00 00. 
Motion Status:  0
339 : 4d 53 00 00. 
Motion Status:  2
318 : 4d 53 00 00. 
Motion Status:  0
34e : 4d 53 00 00. 
Motion Status:  0
moving:  1
316 : 4d 53 00 00. 
Motion Status:  0
31c : 4d 53 00 00. 
Motion Status:  0
339 : 4d 53 00 00. 
Motion Status:  2
318 : 4d 53 00 00. 
Motion Status:  0
34e : 4d 53 00 00. 
Motion Status:  0
moving:  1
316 : 4d 53 00 00. 
Motion Status:  0
31c : 4d 53 00 00. 
Motion Status:  0
339 : 4d 53 00 00. 
Motion Status:  2
318 : 4d 53 00 00. 
Motion Status:  0
34e : 4d 53 00 00. 
Motion Status:  0
moving:  1
316 : 4d 53 00 00. 
Motion Status:  0
31c : 4d 53 00 00. 
Motion Status:  0
339 : 4d 53 00 00. 
Motion Status:  2
318 : 4d 53 00 00. 
Motion Status:  0
34e : 4d 53 00 00. 
Motion Status:  0
moving:  1
316 : 4d 53 00 00. 
Motion Status:  0
31c : 4d 53 00 00. 
Motion Status:  0
339 : 4d 53 00 00. 
Motion Status:  2
318 : 4d 53 00 00. 
Motion Status:  0
34e : 4d 53 00 00. 
Motion Status:  0
moving:  1
316 : 4d 53 00 00. 
Motion Status:  0
31c : 4d 53 00 00. 
Motion Status:  0
339 : 4d 53 00 00. 
Motion Status:  0
318 : 4d 53 00 00. 
Motion Status:  0
34e : 4d 53 00 00. 
Motion Status:  0
moving:  0
wroteback ok to tcpQueue
b'\n'
ok

